\BOOKMARK [1][-]{section.1}{\376\377\116\373\122\241\200\314\146\157}{}% 1
\BOOKMARK [2][-]{subsection.1.1}{\376\377\116\373\122\241\200\314\146\157}{section.1}% 2
\BOOKMARK [1][-]{section.2}{\376\377\116\373\122\241\121\205\133\271}{}% 3
\BOOKMARK [2][-]{subsection.2.1}{\376\377\152\041\127\213\220\350\177\162}{section.2}% 4
\BOOKMARK [3][-]{subsubsection.2.1.1}{\376\377\127\372\170\100\163\257\130\203}{subsection.2.1}% 5
\BOOKMARK [3][-]{subsubsection.2.1.2}{\376\377\152\041\127\213\147\145\156\220}{subsection.2.1}% 6
\BOOKMARK [3][-]{subsubsection.2.1.3}{\376\377\220\350\177\162\217\307\172\013}{subsection.2.1}% 7
\BOOKMARK [3][-]{subsubsection.2.1.4}{\376\377\152\041\127\213\127\372\170\100\143\250\164\006}{subsection.2.1}% 8
\BOOKMARK [3][-]{subsubsection.2.1.5}{\376\377\116\073\211\201\225\356\230\230\116\016\131\004\164\006\145\271\137\017}{subsection.2.1}% 9
\BOOKMARK [2][-]{subsection.2.2}{\376\377\133\211\121\150\137\256\214\003}{section.2}% 10
\BOOKMARK [3][-]{subsubsection.2.2.1}{\376\377\121\306\131\007\145\160\143\156\226\306}{subsection.2.2}% 11
\BOOKMARK [3][-]{subsubsection.2.2.2}{\376\377\000L\000o\000R\000A\137\256\214\003\127\372\147\054\123\237\164\006\116\313\176\315}{subsection.2.2}% 12
\BOOKMARK [3][-]{subsubsection.2.2.3}{\376\377\215\205\123\302\145\160\133\371\153\324\133\236\232\214}{subsection.2.2}% 13
\BOOKMARK [2][-]{subsection.2.3}{\376\377\176\242\226\037\155\113\213\325}{section.2}% 14
\BOOKMARK [3][-]{subsubsection.2.3.1}{\376\377\121\306\131\007\155\113\213\325\226\306}{subsection.2.3}% 15
\BOOKMARK [3][-]{subsubsection.2.3.2}{\376\377\220\011\142\351\152\041\127\213}{subsection.2.3}% 16
\BOOKMARK [3][-]{subsubsection.2.3.3}{\376\377\221\115\177\156\155\113\213\325\123\302\145\160}{subsection.2.3}% 17
\BOOKMARK [3][-]{subsubsection.2.3.4}{\376\377\152\041\127\213\213\304\116\367\150\007\121\306}{subsection.2.3}% 18
\BOOKMARK [3][-]{subsubsection.2.3.5}{\376\377\152\041\127\213\217\223\121\372\210\150\163\260}{subsection.2.3}% 19
\BOOKMARK [2][-]{subsection.2.4}{\376\377\122\006\147\220\116\016\140\073\176\323}{section.2}% 20
\BOOKMARK [3][-]{subsubsection.2.4.1}{\376\377\131\047\152\041\127\213\133\211\121\150\121\205\155\265}{subsection.2.4}% 21
\BOOKMARK [3][-]{subsubsection.2.4.2}{\376\377\145\160\143\156\226\306\143\320\123\107\117\134\165\050}{subsection.2.4}% 22
\BOOKMARK [3][-]{subsubsection.2.4.3}{\376\377\215\205\123\302\145\160\137\161\124\315}{subsection.2.4}% 23
\BOOKMARK [3][-]{subsubsection.2.4.4}{\376\377\137\256\214\003\124\016\152\041\127\213\133\211\121\150\140\047}{subsection.2.4}% 24
\BOOKMARK [3][-]{subsubsection.2.4.5}{\376\377\176\242\226\037\213\276\213\241\134\100\226\120\140\047}{subsection.2.4}% 25
\BOOKMARK [3][-]{subsubsection.2.4.6}{\376\377\133\236\232\214\116\055\166\204\121\166\116\326\225\356\230\230}{subsection.2.4}% 26
\BOOKMARK [1][-]{section.3}{\376\377\000A\000I\117\177\165\050\116\016\123\302\200\003\215\104\145\231}{}% 27
\BOOKMARK [2][-]{subsection.3.1}{\376\377\000A\000I\117\177\165\050\140\305\121\265}{section.3}% 28
\BOOKMARK [2][-]{subsection.3.2}{\376\377\123\302\200\003\215\104\145\231\116\016\145\131\172\013}{section.3}% 29
