\BOOKMARK [1][-]{section.1}{\376\377\116\373\122\241\164\006\211\343}{}% 1
\BOOKMARK [2][-]{subsection.1.1}{\376\377\131\047\152\041\127\213\133\211\121\150}{section.1}% 2
\BOOKMARK [2][-]{subsection.1.2}{\376\377\131\047\152\041\127\213\137\256\214\003}{section.1}% 3
\BOOKMARK [2][-]{subsection.1.3}{\376\377\133\236\232\214\166\356\150\007}{section.1}% 4
\BOOKMARK [1][-]{section.2}{\376\377\163\257\130\203\221\115\177\156\116\016\152\041\127\213\220\350\177\162}{}% 5
\BOOKMARK [2][-]{subsection.2.1}{\376\377\163\257\130\203\221\115\177\156}{section.2}% 6
\BOOKMARK [3][-]{subsubsection.2.1.1}{\376\377\170\154\116\366\163\257\130\203}{subsection.2.1}% 7
\BOOKMARK [3][-]{subsubsection.2.1.2}{\376\377\137\256\214\003\150\106\147\266}{subsection.2.1}% 8
\BOOKMARK [3][-]{subsubsection.2.1.3}{\376\377\144\055\136\372\155\101\172\013}{subsection.2.1}% 9
\BOOKMARK [2][-]{subsection.2.2}{\376\377\152\041\127\213\220\350\177\162}{section.2}% 10
\BOOKMARK [3][-]{subsubsection.2.2.1}{\376\377\127\372\136\247\152\041\127\213}{subsection.2.2}% 11
\BOOKMARK [3][-]{subsubsection.2.2.2}{\376\377\220\350\177\162\155\101\172\013}{subsection.2.2}% 12
\BOOKMARK [3][-]{subsubsection.2.2.3}{\376\377\127\372\170\100\225\356\173\124}{subsection.2.2}% 13
\BOOKMARK [1][-]{section.3}{\376\377\137\256\214\003\145\271\154\325\116\016\133\236\232\214\213\276\213\241}{}% 14
\BOOKMARK [2][-]{subsection.3.1}{\376\377\137\256\214\003\145\271\154\325}{section.3}% 15
\BOOKMARK [3][-]{subsubsection.3.1.1}{\376\377\000S\000F\000T\203\003\137\017}{subsection.3.1}% 16
\BOOKMARK [3][-]{subsubsection.3.1.2}{\376\377\000L\000o\000R\000A\145\271\154\325}{subsection.3.1}% 17
\BOOKMARK [2][-]{subsection.3.2}{\376\377\133\236\232\214\213\276\213\241}{section.3}% 18
\BOOKMARK [3][-]{subsubsection.3.2.1}{\376\377\133\236\232\214\213\276\213\241\140\035\215\357}{subsection.3.2}% 19
\BOOKMARK [3][-]{subsubsection.3.2.2}{\376\377\145\160\143\156\226\306\147\204\136\372}{subsection.3.2}% 20
\BOOKMARK [3][-]{subsubsection.3.2.3}{\376\377\000L\000o\000R\000A\000\040\000r\000a\000n\000k\221\115\177\156}{subsection.3.2}% 21
\BOOKMARK [3][-]{subsubsection.3.2.4}{\376\377\121\166\116\326\123\302\145\160\221\115\177\156}{subsection.3.2}% 22
\BOOKMARK [3][-]{subsubsection.3.2.5}{\376\377\000W\000e\000b\000U\000I\165\114\227\142}{subsection.3.2}% 23
\BOOKMARK [1][-]{section.4}{\376\377\176\242\226\037\155\113\213\325\213\276\213\241}{}% 24
\BOOKMARK [2][-]{subsection.4.1}{\376\377\176\242\226\037\155\113\213\325\213\276\213\241\140\035\215\357}{section.4}% 25
\BOOKMARK [2][-]{subsection.4.2}{\376\377\176\242\226\037\145\073\121\373\145\160\143\156\226\306\213\276\213\241}{section.4}% 26
\BOOKMARK [2][-]{subsection.4.3}{\376\377\176\242\226\037\155\113\213\325\155\101\172\013}{section.4}% 27
\BOOKMARK [2][-]{subsection.4.4}{\376\377\210\301\133\232\150\007\121\306\116\016\213\304\117\060\143\007\150\007}{section.4}% 28
\BOOKMARK [3][-]{subsubsection.4.4.1}{\376\377\153\143\136\070\213\367\154\102\210\301\133\232}{subsection.4.4}% 29
\BOOKMARK [3][-]{subsubsection.4.4.2}{\376\377\123\161\226\151\213\367\154\102\210\301\133\232}{subsection.4.4}% 30
\BOOKMARK [3][-]{subsubsection.4.4.3}{\376\377\211\322\202\162\142\156\157\024\213\361\133\374\213\367\154\102\210\301\133\232}{subsection.4.4}% 31
\BOOKMARK [2][-]{subsection.4.5}{\376\377\201\032\147\054\217\320\210\114\171\072\117\213}{section.4}% 32
\BOOKMARK [1][-]{section.5}{\376\377\133\236\232\214\176\323\147\234\116\016\122\006\147\220}{}% 33
\BOOKMARK [2][-]{subsection.5.1}{\376\377\137\256\214\003\176\323\147\234}{section.5}% 34
\BOOKMARK [2][-]{subsection.5.2}{\376\377\176\242\226\037\155\113\213\325\176\323\147\234}{section.5}% 35
\BOOKMARK [2][-]{subsection.5.3}{\376\377\176\323\213\272}{section.5}% 36
\BOOKMARK [1][-]{section.6}{\376\377\225\356\230\230\060\001\131\061\215\045\134\035\213\325\116\016\134\100\226\120\140\047}{}% 37
\BOOKMARK [2][-]{subsection.6.1}{\376\377\225\356\230\230\116\016\131\061\215\045\134\035\213\325}{section.6}% 38
\BOOKMARK [3][-]{subsubsection.6.1.1}{\376\377\143\007\150\007\220\011\123\326\116\015\137\123}{subsection.6.1}% 39
\BOOKMARK [3][-]{subsubsection.6.1.2}{\376\377\176\242\226\037\145\271\150\110\213\276\213\241\116\015\137\123}{subsection.6.1}% 40
\BOOKMARK [2][-]{subsection.6.2}{\376\377\134\100\226\120\140\047}{section.6}% 41
\BOOKMARK [1][-]{section.7}{\376\377\140\073\176\323}{}% 42
